0 info it worked if it ends with ok
1 verbose cli [ '/Users/hugeen/nvm/v0.8.11/bin/node',
1 verbose cli   '/Users/hugeen/nvm/v0.8.11/bin/npm',
1 verbose cli   'install' ]
2 info using npm@1.1.62
3 info using node@v0.8.11
4 verbose read json /Users/hugeen/BurstJS/examples/browserify/package.json
5 warn package.json burstjs@0.0.1 No README.md file found!
6 verbose readDependencies using package.json deps
7 verbose install where, deps [ '/Users/hugeen/BurstJS/examples/browserify',
7 verbose install   [ 'gulp', 'browserify', 'vinyl-source-stream' ] ]
8 verbose from cache /Users/hugeen/BurstJS/examples/browserify/package.json
9 info preinstall burstjs@0.0.1
10 verbose from cache /Users/hugeen/BurstJS/examples/browserify/package.json
11 verbose readDependencies using package.json deps
12 verbose cache add [ 'gulp@~3.6.0', null ]
13 silly cache add name=undefined spec="gulp@~3.6.0" args=["gulp@~3.6.0",null]
14 verbose parsed url { pathname: 'gulp@~3.6.0',
14 verbose parsed url   path: 'gulp@~3.6.0',
14 verbose parsed url   href: 'gulp@~3.6.0' }
15 silly cache add name="gulp" spec="~3.6.0" args=["gulp","~3.6.0"]
16 verbose parsed url { pathname: '~3.6.0', path: '~3.6.0', href: '~3.6.0' }
17 verbose addNamed [ 'gulp', '~3.6.0' ]
18 verbose addNamed [ null, '>=3.6.0- <3.7.0-' ]
19 verbose cache add [ 'browserify@~3.39.0', null ]
20 silly cache add name=undefined spec="browserify@~3.39.0" args=["browserify@~3.39.0",null]
21 verbose parsed url { pathname: 'browserify@~3.39.0',
21 verbose parsed url   path: 'browserify@~3.39.0',
21 verbose parsed url   href: 'browserify@~3.39.0' }
22 silly cache add name="browserify" spec="~3.39.0" args=["browserify","~3.39.0"]
23 verbose parsed url { pathname: '~3.39.0', path: '~3.39.0', href: '~3.39.0' }
24 verbose addNamed [ 'browserify', '~3.39.0' ]
25 verbose addNamed [ null, '>=3.39.0- <3.40.0-' ]
26 silly lockFile ce6ce1b4-gulp-3-6-0 gulp@~3.6.0
27 verbose lock gulp@~3.6.0 /Users/hugeen/.npm/ce6ce1b4-gulp-3-6-0.lock
28 silly lockFile 95a22652-browserify-3-39-0 browserify@~3.39.0
29 verbose lock browserify@~3.39.0 /Users/hugeen/.npm/95a22652-browserify-3-39-0.lock
30 silly addNameRange { name: 'gulp', range: '>=3.6.0- <3.7.0-', hasData: false }
31 silly addNameRange { name: 'browserify',
31 silly addNameRange   range: '>=3.39.0- <3.40.0-',
31 silly addNameRange   hasData: false }
32 verbose cache add [ 'vinyl-source-stream@~0.1.1', null ]
33 silly cache add name=undefined spec="vinyl-source-stream@~0.1.1" args=["vinyl-source-stream@~0.1.1",null]
34 verbose parsed url { pathname: 'vinyl-source-stream@~0.1.1',
34 verbose parsed url   path: 'vinyl-source-stream@~0.1.1',
34 verbose parsed url   href: 'vinyl-source-stream@~0.1.1' }
35 silly cache add name="vinyl-source-stream" spec="~0.1.1" args=["vinyl-source-stream","~0.1.1"]
36 verbose parsed url { pathname: '~0.1.1', path: '~0.1.1', href: '~0.1.1' }
37 verbose addNamed [ 'vinyl-source-stream', '~0.1.1' ]
38 verbose addNamed [ null, '>=0.1.1- <0.2.0-' ]
39 silly lockFile 1df57d5f-vinyl-source-stream-0-1-1 vinyl-source-stream@~0.1.1
40 verbose lock vinyl-source-stream@~0.1.1 /Users/hugeen/.npm/1df57d5f-vinyl-source-stream-0-1-1.lock
41 verbose url raw gulp
42 verbose url resolving [ 'https://registry.npmjs.org/', './gulp' ]
43 verbose url resolved https://registry.npmjs.org/gulp
44 info trying registry request attempt 1 at 09:29:41
45 verbose etag "DILUICSJCZM918Q6MIZPHHZH6"
46 http GET https://registry.npmjs.org/gulp
47 verbose url raw browserify
48 verbose url resolving [ 'https://registry.npmjs.org/', './browserify' ]
49 verbose url resolved https://registry.npmjs.org/browserify
50 info trying registry request attempt 1 at 09:29:42
51 verbose etag "8C77ECE1E7F6560S4H9AROVUF"
52 http GET https://registry.npmjs.org/browserify
53 silly addNameRange { name: 'vinyl-source-stream',
53 silly addNameRange   range: '>=0.1.1- <0.2.0-',
53 silly addNameRange   hasData: false }
54 verbose url raw vinyl-source-stream
55 verbose url resolving [ 'https://registry.npmjs.org/', './vinyl-source-stream' ]
56 verbose url resolved https://registry.npmjs.org/vinyl-source-stream
57 info trying registry request attempt 1 at 09:29:42
58 verbose etag "A7X4KD6GYMAGWQH2C5UV2V17P"
59 http GET https://registry.npmjs.org/vinyl-source-stream
60 http 304 https://registry.npmjs.org/browserify
61 silly registry.get cb [ 304,
61 silly registry.get   { date: 'Thu, 24 Apr 2014 07:29:42 GMT',
61 silly registry.get     server: 'Apache',
61 silly registry.get     via: '1.1 varnish',
61 silly registry.get     'last-modified': 'Thu, 24 Apr 2014 07:29:43 GMT',
61 silly registry.get     'cache-control': 'max-age=1',
61 silly registry.get     etag: '"8C77ECE1E7F6560S4H9AROVUF"',
61 silly registry.get     'x-served-by': 'cache-fra1220-FRA',
61 silly registry.get     'x-cache': 'HIT',
61 silly registry.get     'x-cache-hits': '1',
61 silly registry.get     'x-timer': 'S1398324582.865757227,VS0,VE200',
61 silly registry.get     vary: 'Accept',
61 silly registry.get     'content-length': '0',
61 silly registry.get     'keep-alive': 'timeout=10, max=50',
61 silly registry.get     connection: 'Keep-Alive' } ]
62 verbose etag browserify from cache
63 silly addNameRange number 2 { name: 'browserify',
63 silly addNameRange   range: '>=3.39.0- <3.40.0-',
63 silly addNameRange   hasData: true }
64 silly addNameRange versions [ 'browserify',
64 silly addNameRange   [ '0.0.1',
64 silly addNameRange     '0.0.2',
64 silly addNameRange     '0.0.3',
64 silly addNameRange     '0.0.4',
64 silly addNameRange     '0.0.5',
64 silly addNameRange     '0.1.0',
64 silly addNameRange     '0.1.1',
64 silly addNameRange     '0.1.2',
64 silly addNameRange     '0.1.3',
64 silly addNameRange     '0.1.4',
64 silly addNameRange     '0.1.5',
64 silly addNameRange     '0.2.0',
64 silly addNameRange     '0.2.1',
64 silly addNameRange     '0.2.2',
64 silly addNameRange     '0.2.3',
64 silly addNameRange     '0.2.4',
64 silly addNameRange     '0.2.5',
64 silly addNameRange     '0.2.6',
64 silly addNameRange     '0.2.7',
64 silly addNameRange     '0.2.8',
64 silly addNameRange     '0.2.9',
64 silly addNameRange     '0.2.10',
64 silly addNameRange     '0.2.11',
64 silly addNameRange     '0.3.0',
64 silly addNameRange     '0.3.1',
64 silly addNameRange     '0.3.2',
64 silly addNameRange     '0.3.3',
64 silly addNameRange     '0.3.4',
64 silly addNameRange     '0.3.5',
64 silly addNameRange     '0.3.6',
64 silly addNameRange     '0.3.7',
64 silly addNameRange     '0.4.0',
64 silly addNameRange     '0.4.1',
64 silly addNameRange     '0.4.2',
64 silly addNameRange     '0.4.3',
64 silly addNameRange     '0.4.4',
64 silly addNameRange     '0.4.5',
64 silly addNameRange     '0.4.6',
64 silly addNameRange     '0.4.7',
64 silly addNameRange     '0.4.8',
64 silly addNameRange     '0.4.9',
64 silly addNameRange     '0.4.10',
64 silly addNameRange     '0.4.11',
64 silly addNameRange     '0.4.12',
64 silly addNameRange     '0.4.13',
64 silly addNameRange     '0.4.14',
64 silly addNameRange     '0.4.15',
64 silly addNameRange     '0.5.0',
64 silly addNameRange     '0.5.1',
64 silly addNameRange     '0.5.2',
64 silly addNameRange     '1.0.0',
64 silly addNameRange     '1.1.0',
64 silly addNameRange     '1.1.1',
64 silly addNameRange     '1.1.2',
64 silly addNameRange     '1.1.3',
64 silly addNameRange     '1.1.4',
64 silly addNameRange     '1.2.0',
64 silly addNameRange     '1.2.1',
64 silly addNameRange     '1.2.2',
64 silly addNameRange     '1.2.3',
64 silly addNameRange     '1.2.4',
64 silly addNameRange     '1.2.5',
64 silly addNameRange     '1.2.6',
64 silly addNameRange     '1.2.7',
64 silly addNameRange     '1.2.8',
64 silly addNameRange     '1.2.9',
64 silly addNameRange     '1.3.0',
64 silly addNameRange     '1.4.0',
64 silly addNameRange     '1.4.1',
64 silly addNameRange     '1.4.2',
64 silly addNameRange     '1.4.3',
64 silly addNameRange     '1.4.4',
64 silly addNameRange     '1.4.5',
64 silly addNameRange     '1.4.6',
64 silly addNameRange     '1.4.7',
64 silly addNameRange     '1.4.8',
64 silly addNameRange     '1.5.0',
64 silly addNameRange     '1.6.0',
64 silly addNameRange     '1.6.1',
64 silly addNameRange     '1.7.0',
64 silly addNameRange     '1.7.1',
64 silly addNameRange     '1.7.2',
64 silly addNameRange     '1.7.3',
64 silly addNameRange     '1.7.4',
64 silly addNameRange     '1.7.5',
64 silly addNameRange     '1.7.6',
64 silly addNameRange     '1.7.7',
64 silly addNameRange     '1.8.0',
64 silly addNameRange     '1.8.1',
64 silly addNameRange     '1.8.2',
64 silly addNameRange     '1.8.3',
64 silly addNameRange     '1.9.0',
64 silly addNameRange     '1.9.1',
64 silly addNameRange     '1.9.2',
64 silly addNameRange     '1.9.3',
64 silly addNameRange     '1.9.4',
64 silly addNameRange     '1.10.0',
64 silly addNameRange     '1.10.1',
64 silly addNameRange     '1.10.2',
64 silly addNameRange     '1.10.3',
64 silly addNameRange     '1.10.4',
64 silly addNameRange     '1.10.5',
64 silly addNameRange     '1.10.6',
64 silly addNameRange     '1.10.7',
64 silly addNameRange     '1.10.8',
64 silly addNameRange     '1.10.9',
64 silly addNameRange     '1.10.11',
64 silly addNameRange     '1.10.12',
64 silly addNameRange     '1.10.13',
64 silly addNameRange     '1.10.14',
64 silly addNameRange     '1.10.15',
64 silly addNameRange     '1.10.16',
64 silly addNameRange     '1.10.17',
64 silly addNameRange     '1.11.0',
64 silly addNameRange     '1.11.1',
64 silly addNameRange     '1.12.0',
64 silly addNameRange     '1.12.1',
64 silly addNameRange     '1.12.2',
64 silly addNameRange     '1.12.3',
64 silly addNameRange     '1.13.0',
64 silly addNameRange     '1.13.1',
64 silly addNameRange     '1.13.2',
64 silly addNameRange     '1.13.3',
64 silly addNameRange     '1.13.4',
64 silly addNameRange     '1.13.5',
64 silly addNameRange     '1.13.6',
64 silly addNameRange     '1.13.8',
64 silly addNameRange     '1.13.9',
64 silly addNameRange     '1.13.10',
64 silly addNameRange     '1.14.0',
64 silly addNameRange     '1.14.1',
64 silly addNameRange     '1.14.2',
64 silly addNameRange     '1.14.3',
64 silly addNameRange     '1.14.4',
64 silly addNameRange     '1.14.5',
64 silly addNameRange     '1.15.0',
64 silly addNameRange     '1.15.1',
64 silly addNameRange     '1.15.2',
64 silly addNameRange     '1.15.3',
64 silly addNameRange     '1.15.4',
64 silly addNameRange     '1.15.5',
64 silly addNameRange     '1.15.6',
64 silly addNameRange     '1.16.0',
64 silly addNameRange     '1.16.1',
64 silly addNameRange     '1.16.2',
64 silly addNameRange     '1.16.3',
64 silly addNameRange     '1.16.4',
64 silly addNameRange     '1.16.5',
64 silly addNameRange     '1.16.6',
64 silly addNameRange     '1.16.7',
64 silly addNameRange     '1.16.8',
64 silly addNameRange     '1.17.0',
64 silly addNameRange     '1.17.1',
64 silly addNameRange     '1.17.2',
64 silly addNameRange     '1.17.3',
64 silly addNameRange     '1.18.0',
64 silly addNameRange     '2.0.0',
64 silly addNameRange     '2.0.1',
64 silly addNameRange     '2.1.0',
64 silly addNameRange     '2.2.0',
64 silly addNameRange     '2.2.1',
64 silly addNameRange     '2.2.2',
64 silly addNameRange     '2.2.3',
64 silly addNameRange     '2.2.4',
64 silly addNameRange     '2.2.5',
64 silly addNameRange     '2.2.6',
64 silly addNameRange     '2.3.0',
64 silly addNameRange     '2.3.1',
64 silly addNameRange     '2.4.0',
64 silly addNameRange     '2.4.1',
64 silly addNameRange     '2.4.2',
64 silly addNameRange     '2.4.3',
64 silly addNameRange     '2.5.0',
64 silly addNameRange     '2.5.1',
64 silly addNameRange     '2.6.0',
64 silly addNameRange     '2.6.1',
64 silly addNameRange     '2.7.0',
64 silly addNameRange     '2.7.1',
64 silly addNameRange     '2.7.2',
64 silly addNameRange     '2.7.3',
64 silly addNameRange     '2.7.4',
64 silly addNameRange     '2.8.0',
64 silly addNameRange     '2.8.1',
64 silly addNameRange     '2.9.0',
64 silly addNameRange     '2.10.0',
64 silly addNameRange     '2.10.1',
64 silly addNameRange     '2.10.2',
64 silly addNameRange     '2.11.0',
64 silly addNameRange     '2.12.0',
64 silly addNameRange     '2.12.1',
64 silly addNameRange     '2.12.2',
64 silly addNameRange     '2.12.3',
64 silly addNameRange     '2.12.4',
64 silly addNameRange     '2.12.5',
64 silly addNameRange     '2.13.0',
64 silly addNameRange     '2.13.1',
64 silly addNameRange     '2.13.2',
64 silly addNameRange     '2.13.3',
64 silly addNameRange     '2.14.0',
64 silly addNameRange     '2.14.1',
64 silly addNameRange     '2.14.2',
64 silly addNameRange     '2.15.0',
64 silly addNameRange     '2.16.0',
64 silly addNameRange     '2.17.0',
64 silly addNameRange     '2.17.1',
64 silly addNameRange     '2.17.2',
64 silly addNameRange     '2.17.3',
64 silly addNameRange     '2.17.4',
64 silly addNameRange     '2.18.0',
64 silly addNameRange     '2.18.1',
64 silly addNameRange     '2.19.0',
64 silly addNameRange     '2.20.0',
64 silly addNameRange     '2.20.1',
64 silly addNameRange     '2.20.2',
64 silly addNameRange     '2.21.0',
64 silly addNameRange     '2.22.0',
64 silly addNameRange     '2.23.0',
64 silly addNameRange     '2.23.1',
64 silly addNameRange     '2.24.0',
64 silly addNameRange     '2.24.1',
64 silly addNameRange     '2.24.2',
64 silly addNameRange     '2.24.3',
64 silly addNameRange     '2.25.0',
64 silly addNameRange     '2.25.1',
64 silly addNameRange     '2.26.0',
64 silly addNameRange     '2.27.0',
64 silly addNameRange     '2.27.1',
64 silly addNameRange     '2.28.0',
64 silly addNameRange     '2.29.0',
64 silly addNameRange     '2.29.1',
64 silly addNameRange     '2.30.0',
64 silly addNameRange     '2.31.0',
64 silly addNameRange     '2.32.0',
64 silly addNameRange     '2.32.1',
64 silly addNameRange     '2.32.2',
64 silly addNameRange     '2.32.3',
64 silly addNameRange     '2.32.4',
64 silly addNameRange     '2.33.0',
64 silly addNameRange     '2.33.1',
64 silly addNameRange     '2.34.0',
64 silly addNameRange     '2.34.1',
64 silly addNameRange     '2.34.2',
64 silly addNameRange     '2.34.3',
64 silly addNameRange     '2.35.0',
64 silly addNameRange     '2.35.1',
64 silly addNameRange     '2.35.2',
64 silly addNameRange     '2.35.3',
64 silly addNameRange     '2.35.4',
64 silly addNameRange     '2.36.0',
64 silly addNameRange     '2.36.1',
64 silly addNameRange     '3.0.0',
64 silly addNameRange     '3.1.0',
64 silly addNameRange     '3.1.1',
64 silly addNameRange     '3.1.2',
64 silly addNameRange     '3.1.3',
64 silly addNameRange     '3.2.0',
64 silly addNameRange     '3.2.1',
64 silly addNameRange     '3.2.2',
64 silly addNameRange     '3.3.0',
64 silly addNameRange     '3.4.0',
64 silly addNameRange     '3.4.1',
64 silly addNameRange     '3.5.0',
64 silly addNameRange     '3.6.0',
64 silly addNameRange     '3.7.0',
64 silly addNameRange     '3.8.0',
64 silly addNameRange     '3.8.1',
64 silly addNameRange     '3.9.0',
64 silly addNameRange     '3.9.1',
64 silly addNameRange     '3.10.0',
64 silly addNameRange     '3.11.0',
64 silly addNameRange     '3.11.1',
64 silly addNameRange     '3.12.0',
64 silly addNameRange     '3.13.0',
64 silly addNameRange     '3.14.0',
64 silly addNameRange     '3.14.1',
64 silly addNameRange     '3.16.0',
64 silly addNameRange     '3.16.1',
64 silly addNameRange     '3.17.0',
64 silly addNameRange     '3.18.0',
64 silly addNameRange     '3.19.0',
64 silly addNameRange     '3.19.1',
64 silly addNameRange     '3.20.0',
64 silly addNameRange     '3.20.1',
64 silly addNameRange     '3.20.2',
64 silly addNameRange     '3.21.0',
64 silly addNameRange     '3.21.1',
64 silly addNameRange     '3.22.0',
64 silly addNameRange     '3.22.1',
64 silly addNameRange     '3.23.0',
64 silly addNameRange     '3.23.1',
64 silly addNameRange     '3.24.0',
64 silly addNameRange     '3.24.1',
64 silly addNameRange     '3.24.2',
64 silly addNameRange     '3.24.3',
64 silly addNameRange     '3.24.4',
64 silly addNameRange     '3.24.5',
64 silly addNameRange     '3.24.6',
64 silly addNameRange     '3.24.7',
64 silly addNameRange     '3.24.8',
64 silly addNameRange     '3.24.9',
64 silly addNameRange     '3.24.10',
64 silly addNameRange     '3.24.11',
64 silly addNameRange     '3.24.13',
64 silly addNameRange     '3.25.0',
64 silly addNameRange     '3.25.1',
64 silly addNameRange     '3.25.2',
64 silly addNameRange     '3.26.0',
64 silly addNameRange     '3.27.0',
64 silly addNameRange     '3.27.1',
64 silly addNameRange     '3.28.0',
64 silly addNameRange     '3.28.1',
64 silly addNameRange     '3.28.2',
64 silly addNameRange     '3.29.0',
64 silly addNameRange     '3.29.1',
64 silly addNameRange     '3.30.0',
64 silly addNameRange     '3.30.1',
64 silly addNameRange     '3.30.2',
64 silly addNameRange     '3.30.3',
64 silly addNameRange     '3.30.4',
64 silly addNameRange     '3.31.0',
64 silly addNameRange     '3.31.1',
64 silly addNameRange     '3.31.2',
64 silly addNameRange     '3.32.0',
64 silly addNameRange     '3.32.1',
64 silly addNameRange     '3.33.0',
64 silly addNameRange     '3.33.1',
64 silly addNameRange     '3.34.0',
64 silly addNameRange     '3.35.0',
64 silly addNameRange     '3.36.0',
64 silly addNameRange     '3.36.1',
64 silly addNameRange     '3.37.0',
64 silly addNameRange     '3.37.1',
64 silly addNameRange     '3.37.2',
64 silly addNameRange     '3.38.0',
64 silly addNameRange     '3.38.1',
64 silly addNameRange     '3.39.0',
64 silly addNameRange     '3.40.0',
64 silly addNameRange     '3.40.1',
64 silly addNameRange     '3.40.2',
64 silly addNameRange     '3.40.3',
64 silly addNameRange     '3.40.4',
64 silly addNameRange     '3.41.0',
64 silly addNameRange     '3.42.0',
64 silly addNameRange     '3.43.0',
64 silly addNameRange     '3.44.0',
64 silly addNameRange     '3.44.1',
64 silly addNameRange     '3.44.2' ] ]
65 verbose addNamed [ 'browserify', '3.39.0' ]
66 verbose addNamed [ '3.39.0', '3.39.0' ]
67 silly lockFile bd3631c5-browserify-3-39-0 browserify@3.39.0
68 verbose lock browserify@3.39.0 /Users/hugeen/.npm/bd3631c5-browserify-3-39-0.lock
69 verbose read json /Users/hugeen/.npm/browserify/3.39.0/package/package.json
70 silly lockFile bd3631c5-browserify-3-39-0 browserify@3.39.0
71 silly lockFile 95a22652-browserify-3-39-0 browserify@~3.39.0
72 info retry will retry, error on last attempt: Error: socket hang up
73 info retry will retry, error on last attempt: Error: socket hang up
74 info trying registry request attempt 2 at 09:31:33
75 verbose etag "A7X4KD6GYMAGWQH2C5UV2V17P"
76 http GET https://registry.npmjs.org/vinyl-source-stream
77 info trying registry request attempt 2 at 09:31:33
78 verbose etag "DILUICSJCZM918Q6MIZPHHZH6"
79 http GET https://registry.npmjs.org/gulp
80 http 304 https://registry.npmjs.org/gulp
81 silly registry.get cb [ 304,
81 silly registry.get   { date: 'Thu, 24 Apr 2014 07:31:34 GMT',
81 silly registry.get     server: 'Apache',
81 silly registry.get     via: '1.1 varnish',
81 silly registry.get     'last-modified': 'Thu, 24 Apr 2014 07:31:34 GMT',
81 silly registry.get     'cache-control': 'max-age=1',
81 silly registry.get     etag: '"DILUICSJCZM918Q6MIZPHHZH6"',
81 silly registry.get     'x-served-by': 'cache-am70-AMS',
81 silly registry.get     'x-cache': 'HIT',
81 silly registry.get     'x-cache-hits': '1',
81 silly registry.get     'x-timer': 'S1398324694.310753345,VS0,VE102',
81 silly registry.get     vary: 'Accept',
81 silly registry.get     'content-length': '0',
81 silly registry.get     'keep-alive': 'timeout=10, max=50',
81 silly registry.get     connection: 'Keep-Alive' } ]
82 verbose etag gulp from cache
83 silly addNameRange number 2 { name: 'gulp', range: '>=3.6.0- <3.7.0-', hasData: true }
84 silly addNameRange versions [ 'gulp',
84 silly addNameRange   [ '0.0.1',
84 silly addNameRange     '0.0.2',
84 silly addNameRange     '0.0.3',
84 silly addNameRange     '0.0.4',
84 silly addNameRange     '0.0.5',
84 silly addNameRange     '0.0.7',
84 silly addNameRange     '0.0.8',
84 silly addNameRange     '0.0.9',
84 silly addNameRange     '0.1.0',
84 silly addNameRange     '0.2.0',
84 silly addNameRange     '1.0.0',
84 silly addNameRange     '1.1.0',
84 silly addNameRange     '1.2.0',
84 silly addNameRange     '1.2.1',
84 silly addNameRange     '2.0.0',
84 silly addNameRange     '2.0.1',
84 silly addNameRange     '2.1.0',
84 silly addNameRange     '2.2.0',
84 silly addNameRange     '2.3.0',
84 silly addNameRange     '2.4.0',
84 silly addNameRange     '2.4.1',
84 silly addNameRange     '2.6.0',
84 silly addNameRange     '2.6.1',
84 silly addNameRange     '2.7.0',
84 silly addNameRange     '3.0.0',
84 silly addNameRange     '3.1.1',
84 silly addNameRange     '3.1.2',
84 silly addNameRange     '3.1.3',
84 silly addNameRange     '3.1.4',
84 silly addNameRange     '3.2.0',
84 silly addNameRange     '3.2.1',
84 silly addNameRange     '3.2.2',
84 silly addNameRange     '3.2.3',
84 silly addNameRange     '3.2.4',
84 silly addNameRange     '3.2.5',
84 silly addNameRange     '3.3.0',
84 silly addNameRange     '3.3.1',
84 silly addNameRange     '3.3.2',
84 silly addNameRange     '3.3.4',
84 silly addNameRange     '3.4.0' ] ]
85 silly lockFile ce6ce1b4-gulp-3-6-0 gulp@~3.6.0
86 error Error: No compatible version found: gulp@'>=3.6.0- <3.7.0-'
86 error Valid install targets:
86 error ["0.0.1","0.0.2","0.0.3","0.0.4","0.0.5","0.0.7","0.0.8","0.0.9","0.1.0","0.2.0","1.0.0","1.1.0","1.2.0","1.2.1","2.0.0","2.0.1","2.1.0","2.2.0","2.3.0","2.4.0","2.4.1","2.6.0","2.6.1","2.7.0","3.0.0","3.1.1","3.1.2","3.1.3","3.1.4","3.2.0","3.2.1","3.2.2","3.2.3","3.2.4","3.2.5","3.3.0","3.3.1","3.3.2","3.3.4","3.4.0"]
86 error     at installTargetsError (/Users/hugeen/nvm/v0.8.11/lib/node_modules/npm/lib/cache.js:553:10)
86 error     at next (/Users/hugeen/nvm/v0.8.11/lib/node_modules/npm/lib/cache.js:532:17)
86 error     at /Users/hugeen/nvm/v0.8.11/lib/node_modules/npm/lib/cache.js:512:5
86 error     at saved (/Users/hugeen/nvm/v0.8.11/lib/node_modules/npm/node_modules/npm-registry-client/lib/get.js:138:7)
86 error     at /Users/hugeen/nvm/v0.8.11/lib/node_modules/npm/node_modules/graceful-fs/graceful-fs.js:218:7
86 error     at Object.oncomplete (fs.js:297:15)
87 error If you need help, you may report this log at:
87 error     <http://github.com/isaacs/npm/issues>
87 error or email it to:
87 error     <npm-@googlegroups.com>
88 error System Darwin 11.4.2
89 error command "/Users/hugeen/nvm/v0.8.11/bin/node" "/Users/hugeen/nvm/v0.8.11/bin/npm" "install"
90 error cwd /Users/hugeen/BurstJS/examples/browserify
91 error node -v v0.8.11
92 error npm -v 1.1.62
93 verbose exit [ 1, true ]
